2021-04-26 10:13:15 +0000 [MT] Initial pipeline context: <IDEDistributionProcessingPipelineContext: 0x7fe91ce776c0; archive(resolved)='<IDEArchive: 0x7fe917defac0>', distributionTask(resolved)='2', distributionDestination(resolved)='1', distributionMethod(resolved)='<IDEDistributionMethodiOSAdHoc: 0x7fe91cbc0db0>', team(resolved)='<IDEProvisioningBasicTeam: 0x7fe91cec1fb0; teamID='77S3H8KDB6', teamName='China United Communications Network Ltd SH Branch'>'>
	Chain (13, self inclusive):
	<IDEDistributionProcessingPipelineContext: 0x7fe91ce776c0; archive = '<IDEArchive: 0x7fe917defac0>', distributionMethod='<IDEDistributionMethodiOSAdHoc: 0x7fe91cbc0db0>', team='<IDEProvisioningBasicTeam: 0x7fe91cec1fb0; teamID='77S3H8KDB6', teamName='China United Communications Network Ltd SH Branch'>'>
	<IDEDistributionProcessingPipelineContext: 0x7fe91ce7bdb0; archive = '<IDEArchive: 0x7fe917defac0>', distributionMethod='<IDEDistributionMethodiOSAdHoc: 0x7fe91cbc0db0>', team='<IDEProvisioningBasicTeam: 0x7fe91cec1fb0; teamID='77S3H8KDB6', teamName='China United Communications Network Ltd SH Branch'>'>
	<IDEDistributionContext: 0x7fe91db44290; archive = '<IDEArchive: 0x7fe917defac0>', distributionMethod='<IDEDistributionMethodiOSAdHoc: 0x7fe91cbc0db0>', team='<IDEProvisioningBasicTeam: 0x7fe91cec1fb0; teamID='77S3H8KDB6', teamName='China United Communications Network Ltd SH Branch'>'>
	<IDEDistributionContext: 0x7fe91d68ced0; archive = '<IDEArchive: 0x7fe917defac0>', distributionMethod='<IDEDistributionMethodiOSAdHoc: 0x7fe91cbc0db0>', team='<IDEProvisioningBasicTeam: 0x7fe91cec1fb0; teamID='77S3H8KDB6', teamName='China United Communications Network Ltd SH Branch'>'>
	<IDEDistributionContext: 0x7fe91d85f500; archive = '<IDEArchive: 0x7fe917defac0>', distributionMethod='<IDEDistributionMethodiOSAdHoc: 0x7fe91cbc0db0>', team='<IDEProvisioningBasicTeam: 0x7fe91cec1fb0; teamID='77S3H8KDB6', teamName='China United Communications Network Ltd SH Branch'>'>
	<IDEDistributionContext: 0x7fe91d686080; archive = '<IDEArchive: 0x7fe917defac0>', distributionMethod='<IDEDistributionMethodiOSAdHoc: 0x7fe91cbc0db0>', team='<IDEProvisioningBasicTeam: 0x7fe91cec1fb0; teamID='77S3H8KDB6', teamName='China United Communications Network Ltd SH Branch'>'>
	<IDEDistributionContext: 0x7fe91d67aa00; archive = '<IDEArchive: 0x7fe917defac0>', distributionMethod='<IDEDistributionMethodiOSAdHoc: 0x7fe91cbc0db0>', team='<IDEProvisioningBasicTeam: 0x7fe91cec1fb0; teamID='77S3H8KDB6', teamName='China United Communications Network Ltd SH Branch'>'>
	<IDEDistributionContext: 0x7fe91ceeb230; archive = '<IDEArchive: 0x7fe917defac0>', distributionMethod='<IDEDistributionMethodiOSAdHoc: 0x7fe91cbc0db0>', team='<IDEProvisioningBasicTeam: 0x7fe91cec1fb0; teamID='77S3H8KDB6', teamName='China United Communications Network Ltd SH Branch'>'>
	<IDEDistributionContext: 0x7fe917d0ce70; archive = '<IDEArchive: 0x7fe917defac0>', distributionMethod='<IDEDistributionMethodiOSAdHoc: 0x7fe91cbc0db0>', team='<IDEProvisioningBasicTeam: 0x7fe91cec1fb0; teamID='77S3H8KDB6', teamName='China United Communications Network Ltd SH Branch'>'>
	<IDEDistributionContext: 0x7fe917d0d220; archive = '<IDEArchive: 0x7fe917defac0>', distributionMethod='<IDEDistributionMethodiOSAdHoc: 0x7fe91cbc0db0>', team='(null)'>
	<IDEDistributionContext: 0x7fe91cbc9ef0; archive = '<IDEArchive: 0x7fe917defac0>', distributionMethod='<IDEDistributionMethodiOSAdHoc: 0x7fe91cbc0db0>', team='(null)'>
	<IDEDistributionContext: 0x7fe9195127c0; archive = '<IDEArchive: 0x7fe917defac0>', distributionMethod='<IDEDistributionMethodiOSAdHoc: 0x7fe91cbc0db0>', team='(null)'>
	<IDEDistributionContext: 0x7fe917deff30; archive = '<IDEArchive: 0x7fe917defac0>', distributionMethod='(null)', team='(null)'>
</IDEDistributionProcessingPipelineContext: 0x7fe91ce776c0>
2021-04-26 10:13:15 +0000 [MT] Processing step: IDEDistributionCreateDestRootStep
2021-04-26 10:13:15 +0000 [MT] Processing step: IDEDistributionCopyItemStep
2021-04-26 10:13:15 +0000 [MT] Running /usr/bin/ditto '-V' '/Users/linwei/Desktop/GitHub/WeChat_FloatingWindow/Build/WeChat_FloatingWindow.xcarchive/Products/Applications/WeChat_FloatingWindow.app' '/var/folders/8g/b0y7jr490q303x4hgr33q6_40000gn/T/XcodeDistPipeline.~~~aCrciD/Root/Payload/WeChat_FloatingWindow.app'
2021-04-26 10:13:15 +0000  >>> Copying /Users/linwei/Desktop/GitHub/WeChat_FloatingWindow/Build/WeChat_FloatingWindow.xcarchive/Products/Applications/WeChat_FloatingWindow.app 
2021-04-26 10:13:15 +0000  copying file ./_CodeSignature/CodeResources ... 
2021-04-26 10:13:15 +0000  5257 bytes for ./_CodeSignature/CodeResources
2021-04-26 10:13:15 +0000  copying file ./WeChat_FloatingWindow ... 
2021-04-26 10:13:15 +0000  635776 bytes for ./WeChat_FloatingWindow
2021-04-26 10:13:15 +0000  copying file ./Base.lproj/Main.storyboardc/UIViewController-BYZ-38-t0r.nib ... 
2021-04-26 10:13:15 +0000  916 bytes for ./Base.lproj/Main.storyboardc/UIViewController-BYZ-38-t0r.nib
copying file ./Base.lproj/Main.storyboardc/BYZ-38-t0r-view-8bC-Xf-vdC.nib ... 
2021-04-26 10:13:15 +0000  2030 bytes for ./Base.lproj/Main.storyboardc/BYZ-38-t0r-view-8bC-Xf-vdC.nib
copying file ./Base.lproj/Main.storyboardc/Info.plist ... 
2021-04-26 10:13:15 +0000  258 bytes for ./Base.lproj/Main.storyboardc/Info.plist
2021-04-26 10:13:15 +0000  copying file ./Base.lproj/LaunchScreen.storyboardc/01J-lp-oVM-view-Ze5-6b-2t3.nib ... 
2021-04-26 10:13:15 +0000  2029 bytes for ./Base.lproj/LaunchScreen.storyboardc/01J-lp-oVM-view-Ze5-6b-2t3.nib
copying file ./Base.lproj/LaunchScreen.storyboardc/UIViewController-01J-lp-oVM.nib ... 
2021-04-26 10:13:15 +0000  896 bytes for ./Base.lproj/LaunchScreen.storyboardc/UIViewController-01J-lp-oVM.nib
2021-04-26 10:13:15 +0000  copying file ./Base.lproj/LaunchScreen.storyboardc/Info.plist ... 
2021-04-26 10:13:15 +0000  258 bytes for ./Base.lproj/LaunchScreen.storyboardc/Info.plist
2021-04-26 10:13:15 +0000  copying file ./Assets.car ... 
2021-04-26 10:13:15 +0000  133631 bytes for ./Assets.car
copying file ./WeChat_FloatingWindow.gif ... 
2021-04-26 10:13:15 +0000  567459 bytes for ./WeChat_FloatingWindow.gif
copying file ./Podfile ... 
2021-04-26 10:13:15 +0000  192 bytes for ./Podfile
2021-04-26 10:13:15 +0000  copying file ./embedded.mobileprovision ... 
2021-04-26 10:13:15 +0000  25308 bytes for ./embedded.mobileprovision
2021-04-26 10:13:15 +0000  copying file ./Info.plist ... 
2021-04-26 10:13:15 +0000  1135 bytes for ./Info.plist
2021-04-26 10:13:15 +0000  copying file ./PkgInfo ... 
2021-04-26 10:13:15 +0000  8 bytes for ./PkgInfo
2021-04-26 10:13:15 +0000 [MT] /usr/bin/ditto exited with 0
2021-04-26 10:13:15 +0000 [MT] Processing step: IDEDistributionEmbedProfileStep
2021-04-26 10:13:15 +0000 [MT] Processing step: IDEDistributionInfoPlistStep
2021-04-26 10:13:15 +0000 [MT] Skipping step: IDEDistributionInfoPlistStep because it said so
2021-04-26 10:13:15 +0000 [MT] Processing step: IDEDistributionAppThinningPlistStep
2021-04-26 10:13:15 +0000 [MT] Skipping step: IDEDistributionAppThinningPlistStep because it said so
2021-04-26 10:13:15 +0000 [MT] Processing step: IDEDistributionCompileBitcodeStep
2021-04-26 10:13:15 +0000 [MT] Skipping step: IDEDistributionCompileBitcodeStep because it said so
2021-04-26 10:13:15 +0000 [MT] Processing step: IDEDistributionCodeSlimmingStep
2021-04-26 10:13:15 +0000 [MT] Running /Applications/Xcode.app/Contents/Developer/Toolchains/XcodeDefault.xctoolchain/usr/bin/bitcode_strip '/var/folders/8g/b0y7jr490q303x4hgr33q6_40000gn/T/XcodeDistPipeline.~~~aCrciD/Root/Payload/WeChat_FloatingWindow.app/WeChat_FloatingWindow' '-r' '-o' '/var/folders/8g/b0y7jr490q303x4hgr33q6_40000gn/T/XcodeDistPipeline.~~~aCrciD/Root/Payload/WeChat_FloatingWindow.app/WeChat_FloatingWindow'
2021-04-26 10:13:15 +0000 [MT] /Applications/Xcode.app/Contents/Developer/Toolchains/XcodeDefault.xctoolchain/usr/bin/bitcode_strip exited with 0
2021-04-26 10:13:15 +0000 [MT] Processing step: IDEDistributionCopyBCSymbolMapsStep
2021-04-26 10:13:15 +0000 [MT] Skipping step: IDEDistributionCopyBCSymbolMapsStep because it said so
2021-04-26 10:13:15 +0000 [MT] Processing step: IDEDistributionSymbolsStep
2021-04-26 10:13:15 +0000 [MT] Skipping step: IDEDistributionSymbolsStep because it said so
2021-04-26 10:13:15 +0000 [MT] Processing step: IDEDistributionAppThinningStep
2021-04-26 10:13:15 +0000 [MT] Skipping step: IDEDistributionAppThinningStep because it said so
2021-04-26 10:13:15 +0000 [MT] Processing step: IDEDistributionArchThinningStep
2021-04-26 10:13:15 +0000 [MT] Running /Applications/Xcode.app/Contents/Developer/Toolchains/XcodeDefault.xctoolchain/usr/bin/lipo '/var/folders/8g/b0y7jr490q303x4hgr33q6_40000gn/T/XcodeDistPipeline.~~~aCrciD/Root/Payload/WeChat_FloatingWindow.app/WeChat_FloatingWindow' '-verify_arch' 'arm64e'
2021-04-26 10:13:15 +0000 [MT] /Applications/Xcode.app/Contents/Developer/Toolchains/XcodeDefault.xctoolchain/usr/bin/lipo exited with 1
2021-04-26 10:13:15 +0000 [MT] Skipping architecture thinning for item "WeChat_FloatingWindow" because arch "arm64e" wasn't found
2021-04-26 10:13:15 +0000 [MT] Processing step: IDEDistributionODRStep
2021-04-26 10:13:15 +0000 [MT] Processing step: IDEDistributionStripXattrsStep
2021-04-26 10:13:15 +0000 [MT] Running /usr/bin/xattr '-crs' '/var/folders/8g/b0y7jr490q303x4hgr33q6_40000gn/T/XcodeDistPipeline.~~~aCrciD/Root/Payload/WeChat_FloatingWindow.app'
2021-04-26 10:13:15 +0000 [MT] /usr/bin/xattr exited with 0
2021-04-26 10:13:15 +0000 [MT] Processing step: IDEDistributionCodesignStep
2021-04-26 10:13:15 +0000 [MT] Entitlements for <IDEDistributionItem: 0x7fe91d81dca0; bundleID='com.bonc.MovePortalBase.UNICOM', path='<DVTFilePath:0x7fe917def2e0:'/Users/linwei/Desktop/GitHub/WeChat_FloatingWindow/Build/WeChat_FloatingWindow.xcarchive/Products/Applications/WeChat_FloatingWindow.app'>', codeSigningInfo='<_DVTCodeSigningInformation_Path: 0x7fe91cdcf0c0; isSigned='1', isAdHocSigned='0', signingCertificate='<DVTSigningCertificate: 0x7fe91d85f6d0; name='Apple Development: 新惠 张 (9S8X4Q223T)', hash='F07F54227D037F23B03410CF87ADF8236D496EEC', serialNumber='<DVTSigningCertificateSerialNumber: 0x7fe91cbcc8c0>', certificateKinds='(
    "1.2.840.113635.100.6.1.12",
    "1.2.840.113635.100.6.1.2"
), issueDate='2021-04-16 10:22:09 +0000''>', entitlements='{
    "application-identifier" = "77S3H8KDB6.com.bonc.MovePortalBase.UNICOM";
    "com.apple.developer.team-identifier" = 77S3H8KDB6;
    "get-task-allow" = 1;
    "keychain-access-groups" =     (
        "77S3H8KDB6.com.bonc.MovePortalBase.UNICOM"
    );
}', teamID='77S3H8KDB6', identifier='com.bonc.MovePortalBase.UNICOM', executablePath='<DVTFilePath:0x7fe91903a4c0:'/Users/linwei/Desktop/GitHub/WeChat_FloatingWindow/Build/WeChat_FloatingWindow.xcarchive/Products/Applications/WeChat_FloatingWindow.app/WeChat_FloatingWindow'>', hardenedRuntime='0'>'>: {
    "application-identifier" = "77S3H8KDB6.com.bonc.MovePortalBase.UNICOM";
    "com.apple.developer.team-identifier" = 77S3H8KDB6;
    "get-task-allow" = 0;
    "keychain-access-groups" =     (
        "77S3H8KDB6.com.bonc.MovePortalBase.UNICOM"
    );
}
2021-04-26 10:13:15 +0000 [MT] Entitlements for <IDEDistributionItem: 0x7fe91d81dca0; bundleID='com.bonc.MovePortalBase.UNICOM', path='<DVTFilePath:0x7fe917def2e0:'/Users/linwei/Desktop/GitHub/WeChat_FloatingWindow/Build/WeChat_FloatingWindow.xcarchive/Products/Applications/WeChat_FloatingWindow.app'>', codeSigningInfo='<_DVTCodeSigningInformation_Path: 0x7fe91cdcf0c0; isSigned='1', isAdHocSigned='0', signingCertificate='<DVTSigningCertificate: 0x7fe91d8e1e90; name='Apple Development: 新惠 张 (9S8X4Q223T)', hash='F07F54227D037F23B03410CF87ADF8236D496EEC', serialNumber='<DVTSigningCertificateSerialNumber: 0x7fe91cbcc740>', certificateKinds='(
    "1.2.840.113635.100.6.1.12",
    "1.2.840.113635.100.6.1.2"
), issueDate='2021-04-16 10:22:09 +0000''>', entitlements='{
    "application-identifier" = "77S3H8KDB6.com.bonc.MovePortalBase.UNICOM";
    "com.apple.developer.team-identifier" = 77S3H8KDB6;
    "get-task-allow" = 1;
    "keychain-access-groups" =     (
        "77S3H8KDB6.com.bonc.MovePortalBase.UNICOM"
    );
}', teamID='77S3H8KDB6', identifier='com.bonc.MovePortalBase.UNICOM', executablePath='<DVTFilePath:0x7fe91903a4c0:'/Users/linwei/Desktop/GitHub/WeChat_FloatingWindow/Build/WeChat_FloatingWindow.xcarchive/Products/Applications/WeChat_FloatingWindow.app/WeChat_FloatingWindow'>', hardenedRuntime='0'>'> are: {
    "application-identifier" = "77S3H8KDB6.com.bonc.MovePortalBase.UNICOM";
    "com.apple.developer.team-identifier" = 77S3H8KDB6;
    "get-task-allow" = 0;
    "keychain-access-groups" =     (
        "77S3H8KDB6.com.bonc.MovePortalBase.UNICOM"
    );
}
2021-04-26 10:13:15 +0000 [MT] Writing entitlements for <IDEDistributionItem: 0x7fe91d81dca0; bundleID='com.bonc.MovePortalBase.UNICOM', path='<DVTFilePath:0x7fe917def2e0:'/Users/linwei/Desktop/GitHub/WeChat_FloatingWindow/Build/WeChat_FloatingWindow.xcarchive/Products/Applications/WeChat_FloatingWindow.app'>', codeSigningInfo='<_DVTCodeSigningInformation_Path: 0x7fe91cdcf0c0; isSigned='1', isAdHocSigned='0', signingCertificate='<DVTSigningCertificate: 0x7fe91d864ef0; name='Apple Development: 新惠 张 (9S8X4Q223T)', hash='F07F54227D037F23B03410CF87ADF8236D496EEC', serialNumber='<DVTSigningCertificateSerialNumber: 0x7fe91cbd9350>', certificateKinds='(
    "1.2.840.113635.100.6.1.12",
    "1.2.840.113635.100.6.1.2"
), issueDate='2021-04-16 10:22:09 +0000''>', entitlements='{
    "application-identifier" = "77S3H8KDB6.com.bonc.MovePortalBase.UNICOM";
    "com.apple.developer.team-identifier" = 77S3H8KDB6;
    "get-task-allow" = 1;
    "keychain-access-groups" =     (
        "77S3H8KDB6.com.bonc.MovePortalBase.UNICOM"
    );
}', teamID='77S3H8KDB6', identifier='com.bonc.MovePortalBase.UNICOM', executablePath='<DVTFilePath:0x7fe91903a4c0:'/Users/linwei/Desktop/GitHub/WeChat_FloatingWindow/Build/WeChat_FloatingWindow.xcarchive/Products/Applications/WeChat_FloatingWindow.app/WeChat_FloatingWindow'>', hardenedRuntime='0'>'> to: /var/folders/8g/b0y7jr490q303x4hgr33q6_40000gn/T/XcodeDistPipeline.~~~aCrciD/entitlements~~~lcoglJ
2021-04-26 10:13:15 +0000 [MT] Running /usr/bin/codesign '-vvv' '--force' '--sign' '1637E5C2989BA576D743B7C76FCDE0790D4EB778' '--entitlements' '/var/folders/8g/b0y7jr490q303x4hgr33q6_40000gn/T/XcodeDistPipeline.~~~aCrciD/entitlements~~~lcoglJ' '--preserve-metadata=identifier,flags,runtime' '/var/folders/8g/b0y7jr490q303x4hgr33q6_40000gn/T/XcodeDistPipeline.~~~aCrciD/Root/Payload/WeChat_FloatingWindow.app'
2021-04-26 10:13:26 +0000  /var/folders/8g/b0y7jr490q303x4hgr33q6_40000gn/T/XcodeDistPipeline.~~~aCrciD/Root/Payload/WeChat_FloatingWindow.app: signed app bundle with Mach-O universal (armv7 arm64) [com.bonc.MovePortalBase.UNICOM]
2021-04-26 10:13:26 +0000 [MT] /usr/bin/codesign exited with 0
2021-04-26 10:13:26 +0000 [MT] Processing step: IDEDistributionZipODRItemStep
2021-04-26 10:13:26 +0000 [MT] Skipping step: IDEDistributionZipODRItemStep because it said so
2021-04-26 10:13:26 +0000 [MT] Processing step: IDEDistributionCreateIPAStep
2021-04-26 10:13:26 +0000 [MT] Running /usr/bin/ditto '-V' '-c' '-k' '--norsrc' '/var/folders/8g/b0y7jr490q303x4hgr33q6_40000gn/T/XcodeDistPipeline.~~~aCrciD/Root' '/var/folders/8g/b0y7jr490q303x4hgr33q6_40000gn/T/XcodeDistPipeline.~~~aCrciD/Packages/WeChat_FloatingWindow.ipa'
2021-04-26 10:13:26 +0000  >>> Copying /var/folders/8g/b0y7jr490q303x4hgr33q6_40000gn/T/XcodeDistPipeline.~~~aCrciD/Root 
2021-04-26 10:13:26 +0000  copying file ./Payload/WeChat_FloatingWindow.app/_CodeSignature/CodeResources ... 
2021-04-26 10:13:26 +0000  5257 bytes for ./Payload/WeChat_FloatingWindow.app/_CodeSignature/CodeResources
2021-04-26 10:13:26 +0000  copying file ./Payload/WeChat_FloatingWindow.app/WeChat_FloatingWindow ... 
2021-04-26 10:13:26 +0000  207120 bytes for ./Payload/WeChat_FloatingWindow.app/WeChat_FloatingWindow
2021-04-26 10:13:26 +0000  copying file ./Payload/WeChat_FloatingWindow.app/Base.lproj/Main.storyboardc/UIViewController-BYZ-38-t0r.nib ... 
2021-04-26 10:13:26 +0000  916 bytes for ./Payload/WeChat_FloatingWindow.app/Base.lproj/Main.storyboardc/UIViewController-BYZ-38-t0r.nib
2021-04-26 10:13:26 +0000  copying file ./Payload/WeChat_FloatingWindow.app/Base.lproj/Main.storyboardc/BYZ-38-t0r-view-8bC-Xf-vdC.nib ... 
2021-04-26 10:13:26 +0000  2030 bytes for ./Payload/WeChat_FloatingWindow.app/Base.lproj/Main.storyboardc/BYZ-38-t0r-view-8bC-Xf-vdC.nib
copying file ./Payload/WeChat_FloatingWindow.app/Base.lproj/Main.storyboardc/Info.plist ... 
2021-04-26 10:13:26 +0000  258 bytes for ./Payload/WeChat_FloatingWindow.app/Base.lproj/Main.storyboardc/Info.plist
2021-04-26 10:13:26 +0000  copying file ./Payload/WeChat_FloatingWindow.app/Base.lproj/LaunchScreen.storyboardc/01J-lp-oVM-view-Ze5-6b-2t3.nib ... 
2021-04-26 10:13:26 +0000  2029 bytes for ./Payload/WeChat_FloatingWindow.app/Base.lproj/LaunchScreen.storyboardc/01J-lp-oVM-view-Ze5-6b-2t3.nib
2021-04-26 10:13:26 +0000  copying file ./Payload/WeChat_FloatingWindow.app/Base.lproj/LaunchScreen.storyboardc/UIViewController-01J-lp-oVM.nib ... 
2021-04-26 10:13:26 +0000  896 bytes for ./Payload/WeChat_FloatingWindow.app/Base.lproj/LaunchScreen.storyboardc/UIViewController-01J-lp-oVM.nib
2021-04-26 10:13:26 +0000  copying file ./Payload/WeChat_FloatingWindow.app/Base.lproj/LaunchScreen.storyboardc/Info.plist ... 
2021-04-26 10:13:26 +0000  258 bytes for ./Payload/WeChat_FloatingWindow.app/Base.lproj/LaunchScreen.storyboardc/Info.plist
copying file ./Payload/WeChat_FloatingWindow.app/Assets.car ... 
2021-04-26 10:13:26 +0000  133631 bytes for ./Payload/WeChat_FloatingWindow.app/Assets.car
2021-04-26 10:13:26 +0000  copying file ./Payload/WeChat_FloatingWindow.app/WeChat_FloatingWindow.gif ... 
2021-04-26 10:13:26 +0000  567459 bytes for ./Payload/WeChat_FloatingWindow.app/WeChat_FloatingWindow.gif
2021-04-26 10:13:26 +0000  copying file ./Payload/WeChat_FloatingWindow.app/Podfile ... 
192 bytes for ./Payload/WeChat_FloatingWindow.app/Podfile
copying file ./Payload/WeChat_FloatingWindow.app/embedded.mobileprovision ... 
2021-04-26 10:13:26 +0000  10051 bytes for ./Payload/WeChat_FloatingWindow.app/embedded.mobileprovision
copying file ./Payload/WeChat_FloatingWindow.app/Info.plist ... 
2021-04-26 10:13:26 +0000  1135 bytes for ./Payload/WeChat_FloatingWindow.app/Info.plist
2021-04-26 10:13:26 +0000  copying file ./Payload/WeChat_FloatingWindow.app/PkgInfo ... 
8 bytes for ./Payload/WeChat_FloatingWindow.app/PkgInfo
2021-04-26 10:13:26 +0000 [MT] /usr/bin/ditto exited with 0
2021-04-26 10:13:26 +0000 [MT] Processing step: IDEDistributionAppStoreInformationStep
2021-04-26 10:13:26 +0000 [MT] Skipping step: IDEDistributionAppStoreInformationStep because it said so
2021-04-26 10:13:26 +0000 [MT] Processing step: IDEDistributionGenerateProcessedDistributionItems
2021-04-26 10:13:26 +0000 [MT] IDEDistributionItem init <DVTFilePath:0x7fe91d8e2270:'/var/folders/8g/b0y7jr490q303x4hgr33q6_40000gn/T/XcodeDistPipeline.~~~aCrciD/Root/Payload/WeChat_FloatingWindow.app'>
2021-04-26 10:13:26 +0000 [MT] Processing step: IDEDistributionCreateManifestStep
